delivery_app/build 2/image_picker_android/intermediates/manifest_merge_blame_file/release/manifest-merger-blame-release-report.txt
1<?xml version="1.0" encoding="utf-8"?>
2<manifest xmlns:android="http://schemas.android.com/apk/res/android"
3    package="io.flutter.plugins.imagepicker" >
4
5    <uses-sdk android:minSdkVersion="16" />
5-->src/main/AndroidManifest.xml
6
7    <application>
7-->src/main/AndroidManifest.xml:4:5-14:19
8        <provider
8-->src/main/AndroidManifest.xml:5:9-13:20
9            android:name="io.flutter.plugins.imagepicker.ImagePickerFileProvider"
9-->src/main/AndroidManifest.xml:6:13-82
10            android:authorities="${applicationId}.flutter.image_provider"
10-->src/main/AndroidManifest.xml:7:13-74
11            android:exported="false"
11-->src/main/AndroidManifest.xml:8:13-37
12            android:grantUriPermissions="true" >
12-->src/main/AndroidManifest.xml:9:13-47
13            <meta-data
13-->src/main/AndroidManifest.xml:10:13-12:75
14                android:name="android.support.FILE_PROVIDER_PATHS"
14-->src/main/AndroidManifest.xml:11:17-67
15                android:resource="@xml/flutter_image_picker_file_paths" />
15-->src/main/AndroidManifest.xml:12:17-72
16        </provider>
17    </application>
18
19</manifest>